{"/Users/hanxiaoxue/Documents/work/fontEnd-autoTesting/lesson13/jest-vue/src/container/TodoList/TodoList.vue": {"path":"/Users/hanxiaoxue/Documents/work/fontEnd-autoTesting/lesson13/jest-vue/src/container/TodoList/TodoList.vue","statementMap":{"0":{"start":{"line":4,"column":29},"end":{"line":4,"column":179}},"1":{"start":{"line":5,"column":0},"end":{"line":7,"column":3}},"2":{"start":{"line":8,"column":0},"end":{"line":8,"column":25}},"3":{"start":{"line":9,"column":0},"end":{"line":9,"column":44}},"4":{"start":{"line":70,"column":0},"end":{"line":70,"column":13}},"5":{"start":{"line":72,"column":0},"end":{"line":74,"column":3}},"6":{"start":{"line":75,"column":0},"end":{"line":75,"column":24}},"7":{"start":{"line":76,"column":11},"end":{"line":76,"column":25}},"8":{"start":{"line":78,"column":28},"end":{"line":78,"column":64}},"9":{"start":{"line":79,"column":30},"end":{"line":79,"column":68}},"10":{"start":{"line":80,"column":2},"end":{"line":88,"column":91}},"11":{"start":{"line":89,"column":2},"end":{"line":89,"column":49}}},"fnMap":{"0":{"name":"render","decl":{"start":{"line":77,"column":9},"end":{"line":77,"column":15}},"loc":{"start":{"line":77,"column":30},"end":{"line":89,"column":1}},"line":77}},"branchMap":{},"s":{"0":1,"1":1,"2":1,"3":1,"4":1,"5":1,"6":1,"7":1,"8":12,"9":12,"10":12,"11":1},"f":{"0":12},"b":{},"inputSourceMap":{"0":"{","1":"\"","2":"v","3":"e","4":"r","5":"s","6":"i","7":"o","8":"n","9":"\"","10":":","11":"3","12":",","13":"\"","14":"s","15":"o","16":"u","17":"r","18":"c","19":"e","20":"s","21":"\"","22":":","23":"[","24":"\"","25":"/","26":"U","27":"s","28":"e","29":"r","30":"s","31":"/","32":"h","33":"a","34":"n","35":"x","36":"i","37":"a","38":"o","39":"x","40":"u","41":"e","42":"/","43":"D","44":"o","45":"c","46":"u","47":"m","48":"e","49":"n","50":"t","51":"s","52":"/","53":"w","54":"o","55":"r","56":"k","57":"/","58":"f","59":"o","60":"n","61":"t","62":"E","63":"n","64":"d","65":"-","66":"a","67":"u","68":"t","69":"o","70":"T","71":"e","72":"s","73":"t","74":"i","75":"n","76":"g","77":"/","78":"l","79":"e","80":"s","81":"s","82":"o","83":"n","84":"1","85":"3","86":"/","87":"j","88":"e","89":"s","90":"t","91":"-","92":"v","93":"u","94":"e","95":"/","96":"s","97":"r","98":"c","99":"/","100":"c","101":"o","102":"n","103":"t","104":"a","105":"i","106":"n","107":"e","108":"r","109":"/","110":"T","111":"o","112":"d","113":"o","114":"L","115":"i","116":"s","117":"t","118":"/","119":"T","120":"o","121":"d","122":"o","123":"L","124":"i","125":"s","126":"t","127":".","128":"v","129":"u","130":"e","131":"\"","132":"]","133":",","134":"\"","135":"n","136":"a","137":"m","138":"e","139":"s","140":"\"","141":":","142":"[","143":"]","144":",","145":"\"","146":"m","147":"a","148":"p","149":"p","150":"i","151":"n","152":"g","153":"s","154":"\"","155":":","156":"\"","157":";","158":";","159":";","160":";","161":";","162":";","163":";","164":";","165":";","166":"A","167":"A","168":"Q","169":"A","170":";","171":"A","172":"A","173":"A","174":"A","175":";","176":"A","177":"A","178":"A","179":"A","180":";","181":"A","182":"A","183":"C","184":"A","185":";","186":"A","187":"A","188":"A","189":"A","190":";","191":"A","192":"A","193":"A","194":"A","195":";","196":"A","197":"A","198":"A","199":"g","200":"D","201":";","202":"A","203":"A","204":"A","205":"A","206":",","207":"e","208":"A","209":"C","210":"j","211":"C","212":";","213":"E","214":"A","215":"C","216":"b","217":",","218":"I","219":"A","220":"A","221":"I","222":",","223":"E","224":"A","225":"A","226":"E","227":",","228":"U","229":"A","230":"A","231":"U","232":";","233":"E","234":"A","235":"C","236":"h","237":"B","238":",","239":"U","240":"A","241":"A","242":"U","243":",","244":"E","245":"A","246":"A","247":"E","248":";","249":"I","250":"A","251":"C","252":"V","253":",","254":"M","255":"A","256":"A","257":"M","258":";","259":"I","260":"A","261":"A","262":"N","263":";","264":"I","265":"A","266":"A","267":"A","268":";","269":"I","270":"A","271":"A","272":"A","273":";","274":"I","275":"A","276":"A","277":"A","278":",","279":"O","280":"A","281":"A","282":"M","283":";","284":"I","285":"A","286":"C","287":"N","288":",","289":"Q","290":"A","291":"A","292":"Q","293":";","294":"I","295":"A","296":"A","297":"R","298":";","299":"I","300":"A","301":"A","302":"A","303":";","304":"I","305":"A","306":"A","307":"A","308":";","309":"I","310":"A","311":"A","312":"A","313":";","314":"E","315":"A","316":"C","317":"F","318":",","319":"C","320":"A","321":"A","322":"C","323":";","324":"E","325":"A","326":"C","327":"D","328":",","329":"I","330":"A","331":"A","332":"I","333":",","334":"G","335":"A","336":"A","337":"I","338":";","339":"I","340":"A","341":"C","342":"N","343":",","344":"O","345":"A","346":"A","347":"O","348":";","349":"M","350":"A","351":"C","352":"L","353":",","354":"Q","355":"A","356":"A","357":"Q","358":",","359":"E","360":"A","361":"A","362":"E","363":";","364":"I","365":"A","366":"C","367":"Z","368":",","369":"C","370":"A","371":"A","372":"C","373":";","374":"E","375":"A","376":"C","377":"H","378":",","379":"C","380":"A","381":"A","382":"C","383":";","384":"E","385":"A","386":"C","387":"D","388":",","389":"O","390":"A","391":"A","392":"O","393":",","394":"E","395":"A","396":"A","397":"E","398":";","399":"I","400":"A","401":"C","402":"P","403":",","404":"W","405":"A","406":"A","407":"W","408":",","409":"C","410":"A","411":"A","412":"E","413":",","414":"I","415":"A","416":"A","417":"I","418":",","419":"E","420":"A","421":"A","422":"E","423":";","424":"M","425":"A","426":"C","427":"j","428":"B","429":",","430":"I","431":"A","432":"A","433":"I","434":",","435":"C","436":"A","437":"A","438":"C","439":",","440":"Q","441":"A","442":"A","443":"Q","444":",","445":"C","446":"A","447":"A","448":"C","449":",","450":"I","451":"A","452":"A","453":"I","454":",","455":"C","456":"A","457":"A","458":"C","459":";","460":"Q","461":"A","462":"A","463":"E","464":",","465":"M","466":"A","467":"A","468":"M","469":",","470":"E","471":"A","472":"A","473":"E","474":",","475":"K","476":"A","477":"A","478":"K","479":";","480":"Q","481":"A","482":"A","483":"E","484":",","485":"K","486":"A","487":"A","488":"K","489":",","490":"E","491":"A","492":"A","493":"E","494":";","495":"M","496":"A","497":"A","498":"K","499":",","500":"C","501":"A","502":"A","503":"C","504":",","505":"C","506":"A","507":"A","508":"C","509":";","510":"I","511":"A","512":"C","513":"p","514":"D","515":",","516":"C","517":"A","518":"A","519":"C","520":";","521":"I","522":"A","523":"C","524":"D","525":",","526":"c","527":"A","528":"A","529":"c","530":",","531":"C","532":"A","533":"A","534":"E","535":",","536":"K","537":"A","538":"A","539":"K","540":",","541":"E","542":"A","543":"A","544":"E","545":";","546":"M","547":"A","548":"C","549":"r","550":"B","551":",","552":"I","553":"A","554":"A","555":"I","556":",","557":"C","558":"A","559":"A","560":"C","561":",","562":"Q","563":"A","564":"A","565":"Q","566":",","567":"C","568":"A","569":"A","570":"C","571":",","572":"M","573":"A","574":"A","575":"M","576":",","577":"C","578":"A","579":"A","580":"C","581":",","582":"K","583":"A","584":"A","585":"K","586":",","587":"E","588":"A","589":"A","590":"E","591":",","592":"C","593":"A","594":"A","595":"C","596":",","597":"C","598":"A","599":"A","600":"C","601":";","602":"I","603":"A","604":"C","605":"h","606":"C","607":",","608":"C","609":"A","610":"A","611":"C","612":";","613":"I","614":"A","615":"C","616":"D","617":",","618":"g","619":"B","620":"A","621":"A","622":"g","623":"B","624":",","625":"C","626":"A","627":"A","628":"E","629":",","630":"K","631":"A","632":"A","633":"K","634":",","635":"E","636":"A","637":"A","638":"E","639":";","640":"M","641":"A","642":"C","643":"v","644":"B","645":",","646":"I","647":"A","648":"A","649":"I","650":",","651":"C","652":"A","653":"A","654":"C","655":",","656":"Q","657":"A","658":"A","659":"Q","660":",","661":"C","662":"A","663":"A","664":"C","665":",","666":"O","667":"A","668":"A","669":"O","670":",","671":"C","672":"A","673":"A","674":"C","675":",","676":"C","677":"A","678":"A","679":"C","680":",","681":"I","682":"A","683":"A","684":"I","685":",","686":"E","687":"A","688":"A","689":"E","690":",","691":"G","692":"A","693":"A","694":"G","695":",","696":"K","697":"A","698":"A","699":"K","700":";","701":"Q","702":"A","703":"C","704":"n","705":"C","706":",","707":"I","708":"A","709":"A","710":"I","711":",","712":"K","713":"A","714":"A","715":"K","716":",","717":"K","718":"A","719":"A","720":"K","721":",","722":"G","723":"A","724":"A","725":"G","726":",","727":"E","728":"A","729":"A","730":"E","731":";","732":"U","733":"A","734":"C","735":"j","736":"B","737":",","738":"I","739":"A","740":"A","741":"I","742":",","743":"C","744":"A","745":"A","746":"C","747":",","748":"M","749":"A","750":"A","751":"M","752":",","753":"G","754":"A","755":"A","756":"G","757":",","758":"O","759":"A","760":"A","761":"O","762":";","763":"Q","764":"A","765":"C","766":"v","767":"B","768":",","769":"C","770":"A","771":"A","772":"C","773":",","774":"M","775":"A","776":"A","777":"M","778":";","779":"U","780":"A","781":"C","782":"L","783":",","784":"I","785":"A","786":"A","787":"I","788":",","789":"C","790":"A","791":"A","792":"C","793":",","794":"M","795":"A","796":"A","797":"M","798":",","799":"G","800":"A","801":"A","802":"G","803":",","804":"K","805":"A","806":"A","807":"K","808":";","809":"Q","810":"A","811":"C","812":"r","813":"B","814":";","815":"M","816":"A","817":"C","818":"F","819":",","820":"C","821":"A","822":"A","823":"C","824":",","825":"C","826":"A","827":"A","828":"C","829":";","830":"I","831":"A","832":"C","833":"J","834":",","835":"C","836":"A","837":"A","838":"C","839":";","840":"I","841":"A","842":"C","843":"D","844":",","845":"K","846":"A","847":"A","848":"K","849":",","850":"C","851":"A","852":"A","853":"E","854":",","855":"K","856":"A","857":"A","858":"K","859":",","860":"E","861":"A","862":"A","863":"E","864":";","865":"M","866":"A","867":"C","868":"Z","869":",","870":"I","871":"A","872":"A","873":"I","874":",","875":"C","876":"A","877":"A","878":"C","879":",","880":"Q","881":"A","882":"A","883":"Q","884":",","885":"C","886":"A","887":"A","888":"C","889":",","890":"K","891":"A","892":"A","893":"K","894":",","895":"C","896":"A","897":"A","898":"C","899":",","900":"C","901":"A","902":"A","903":"C","904":",","905":"M","906":"A","907":"A","908":"M","909":",","910":"G","911":"A","912":"A","913":"G","914":",","915":"K","916":"A","917":"A","918":"K","919":";","920":"I","921":"A","922":"C","923":"r","924":"C","925":",","926":"C","927":"A","928":"A","929":"C","930":";","931":"I","932":"A","933":"C","934":"D","935":",","936":"W","937":"A","938":"A","939":"W","940":",","941":"C","942":"A","943":"A","944":"E","945":";","946":"M","947":"A","948":"A","949":"E","950":",","951":"K","952":"A","953":"A","954":"K","955":";","956":"M","957":"A","958":"A","959":"E","960":";","961":"I","962":"A","963":"A","964":"M","965":",","966":"C","967":"A","968":"A","969":"C","970":",","971":"E","972":"A","973":"A","974":"E","975":";","976":"M","977":"A","978":"C","979":"7","980":"B","981":",","982":"I","983":"A","984":"A","985":"I","986":",","987":"K","988":"A","989":"A","990":"K","991":",","992":"K","993":"A","994":"A","995":"K","996":",","997":"S","998":"A","999":"A","1000":"S","1001":",","1002":"E","1003":"A","1004":"A","1005":"E","1006":";","1007":"Q","1008":"A","1009":"C","1010":"v","1011":"B","1012":",","1013":"I","1014":"A","1015":"A","1016":"I","1017":",","1018":"C","1019":"A","1020":"A","1021":"C","1022":",","1023":"Q","1024":"A","1025":"A","1026":"Q","1027":",","1028":"C","1029":"A","1030":"A","1031":"C","1032":",","1033":"K","1034":"A","1035":"A","1036":"K","1037":",","1038":"C","1039":"A","1040":"A","1041":"C","1042":",","1043":"C","1044":"A","1045":"A","1046":"C","1047":",","1048":"K","1049":"A","1050":"A","1051":"K","1052":",","1053":"G","1054":"A","1055":"A","1056":"G","1057":",","1058":"K","1059":"A","1060":"A","1061":"K","1062":";","1063":"M","1064":"A","1065":"C","1066":"p","1067":"C","1068":";","1069":"I","1070":"A","1071":"C","1072":"F","1073":";","1074":"E","1075":"A","1076":"C","1077":"F","1078":";","1079":"A","1080":"A","1081":"C","1082":"F","1083":",","1084":"C","1085":"A","1086":"A","1087":"C","1088":";","1089":"A","1090":"A","1091":"A","1092":"A","1093":";","1094":"A","1095":"A","1096":"A","1097":"A","1098":"\"","1099":",","1100":"\"","1101":"f","1102":"i","1103":"l","1104":"e","1105":"\"","1106":":","1107":"\"","1108":"/","1109":"U","1110":"s","1111":"e","1112":"r","1113":"s","1114":"/","1115":"h","1116":"a","1117":"n","1118":"x","1119":"i","1120":"a","1121":"o","1122":"x","1123":"u","1124":"e","1125":"/","1126":"D","1127":"o","1128":"c","1129":"u","1130":"m","1131":"e","1132":"n","1133":"t","1134":"s","1135":"/","1136":"w","1137":"o","1138":"r","1139":"k","1140":"/","1141":"f","1142":"o","1143":"n","1144":"t","1145":"E","1146":"n","1147":"d","1148":"-","1149":"a","1150":"u","1151":"t","1152":"o","1153":"T","1154":"e","1155":"s","1156":"t","1157":"i","1158":"n","1159":"g","1160":"/","1161":"l","1162":"e","1163":"s","1164":"s","1165":"o","1166":"n","1167":"1","1168":"3","1169":"/","1170":"j","1171":"e","1172":"s","1173":"t","1174":"-","1175":"v","1176":"u","1177":"e","1178":"/","1179":"s","1180":"r","1181":"c","1182":"/","1183":"c","1184":"o","1185":"n","1186":"t","1187":"a","1188":"i","1189":"n","1190":"e","1191":"r","1192":"/","1193":"T","1194":"o","1195":"d","1196":"o","1197":"L","1198":"i","1199":"s","1200":"t","1201":"/","1202":"T","1203":"o","1204":"d","1205":"o","1206":"L","1207":"i","1208":"s","1209":"t","1210":".","1211":"v","1212":"u","1213":"e","1214":"\"","1215":",","1216":"\"","1217":"s","1218":"o","1219":"u","1220":"r","1221":"c","1222":"e","1223":"s","1224":"C","1225":"o","1226":"n","1227":"t","1228":"e","1229":"n","1230":"t","1231":"\"","1232":":","1233":"[","1234":"\"","1235":"<","1236":"t","1237":"e","1238":"m","1239":"p","1240":"l","1241":"a","1242":"t","1243":"e","1244":">","1245":"\\","1246":"n","1247":" ","1248":" ","1249":" ","1250":" ","1251":"<","1252":"d","1253":"i","1254":"v","1255":">","1256":"\\","1257":"n","1258":" ","1259":" ","1260":" ","1261":" ","1262":" ","1263":" ","1264":" ","1265":" ","1266":"<","1267":"H","1268":"e","1269":"a","1270":"d","1271":"e","1272":"r","1273":" ","1274":"@","1275":"a","1276":"d","1277":"d","1278":"=","1279":"\\","1280":"\"","1281":"a","1282":"d","1283":"d","1284":"U","1285":"n","1286":"d","1287":"o","1288":"I","1289":"t","1290":"e","1291":"m","1292":"\\","1293":"\"","1294":">","1295":"<","1296":"/","1297":"H","1298":"e","1299":"a","1300":"d","1301":"e","1302":"r","1303":">","1304":"\\","1305":"n","1306":" ","1307":" ","1308":" ","1309":" ","1310":" ","1311":" ","1312":" ","1313":" ","1314":"<","1315":"U","1316":"n","1317":"d","1318":"o","1319":"L","1320":"i","1321":"s","1322":"t","1323":" ","1324":":","1325":"l","1326":"i","1327":"s","1328":"t","1329":"=","1330":"\\","1331":"\"","1332":"u","1333":"n","1334":"d","1335":"o","1336":"L","1337":"i","1338":"s","1339":"t","1340":"\\","1341":"\"","1342":" ","1343":" ","1344":"@","1345":"d","1346":"e","1347":"l","1348":"e","1349":"t","1350":"e","1351":"=","1352":"\\","1353":"\"","1354":"d","1355":"e","1356":"l","1357":"e","1358":"t","1359":"e","1360":"U","1361":"n","1362":"d","1363":"o","1364":"I","1365":"t","1366":"e","1367":"m","1368":"\\","1369":"\"","1370":" ","1371":"@","1372":"c","1373":"h","1374":"a","1375":"n","1376":"g","1377":"e","1378":"S","1379":"t","1380":"a","1381":"t","1382":"u","1383":"s","1384":"=","1385":"\\","1386":"\"","1387":"c","1388":"h","1389":"a","1390":"n","1391":"g","1392":"e","1393":"I","1394":"t","1395":"e","1396":"m","1397":"S","1398":"t","1399":"a","1400":"t","1401":"u","1402":"s","1403":"\\","1404":"\"","1405":" ","1406":"@","1407":"r","1408":"e","1409":"s","1410":"e","1411":"t","1412":"=","1413":"\\","1414":"\"","1415":"r","1416":"e","1417":"s","1418":"e","1419":"t","1420":"\\","1421":"\"","1422":" ","1423":"@","1424":"c","1425":"h","1426":"a","1427":"n","1428":"g","1429":"e","1430":"=","1431":"\\","1432":"\"","1433":"c","1434":"h","1435":"a","1436":"n","1437":"g","1438":"e","1439":"V","1440":"a","1441":"l","1442":"u","1443":"e","1444":"\\","1445":"\"","1446":">","1447":"<","1448":"/","1449":"U","1450":"n","1451":"d","1452":"o","1453":"L","1454":"i","1455":"s","1456":"t","1457":">","1458":"\\","1459":"n","1460":" ","1461":" ","1462":" ","1463":" ","1464":"<","1465":"/","1466":"d","1467":"i","1468":"v","1469":">","1470":"\\","1471":"n","1472":"<","1473":"/","1474":"t","1475":"e","1476":"m","1477":"p","1478":"l","1479":"a","1480":"t","1481":"e","1482":">","1483":"\\","1484":"n","1485":"\\","1486":"n","1487":"<","1488":"s","1489":"c","1490":"r","1491":"i","1492":"p","1493":"t","1494":">","1495":"\\","1496":"n","1497":"i","1498":"m","1499":"p","1500":"o","1501":"r","1502":"t","1503":" ","1504":"H","1505":"e","1506":"a","1507":"d","1508":"e","1509":"r","1510":" ","1511":"f","1512":"r","1513":"o","1514":"m","1515":" ","1516":"'","1517":".","1518":"/","1519":"c","1520":"o","1521":"m","1522":"p","1523":"o","1524":"n","1525":"e","1526":"n","1527":"t","1528":"s","1529":"/","1530":"H","1531":"e","1532":"a","1533":"d","1534":"e","1535":"r","1536":".","1537":"v","1538":"u","1539":"e","1540":"'","1541":"\\","1542":"n","1543":"i","1544":"m","1545":"p","1546":"o","1547":"r","1548":"t","1549":" ","1550":"U","1551":"n","1552":"d","1553":"o","1554":"L","1555":"i","1556":"s","1557":"t","1558":" ","1559":"f","1560":"r","1561":"o","1562":"m","1563":" ","1564":"'","1565":".","1566":"/","1567":"c","1568":"o","1569":"m","1570":"p","1571":"o","1572":"n","1573":"e","1574":"n","1575":"t","1576":"s","1577":"/","1578":"U","1579":"n","1580":"d","1581":"o","1582":"L","1583":"i","1584":"s","1585":"t","1586":".","1587":"v","1588":"u","1589":"e","1590":"'","1591":"\\","1592":"n","1593":"e","1594":"x","1595":"p","1596":"o","1597":"r","1598":"t","1599":" ","1600":"d","1601":"e","1602":"f","1603":"a","1604":"u","1605":"l","1606":"t","1607":" ","1608":"{","1609":"\\","1610":"n","1611":" ","1612":" ","1613":"n","1614":"a","1615":"m","1616":"e","1617":":","1618":" ","1619":"'","1620":"T","1621":"o","1622":"d","1623":"o","1624":"L","1625":"i","1626":"s","1627":"t","1628":"'","1629":",","1630":"\\","1631":"n","1632":" ","1633":" ","1634":"c","1635":"o","1636":"m","1637":"p","1638":"o","1639":"n","1640":"e","1641":"n","1642":"t","1643":"s","1644":":","1645":" ","1646":"{","1647":"\\","1648":"n","1649":" ","1650":" ","1651":" ","1652":" ","1653":"H","1654":"e","1655":"a","1656":"d","1657":"e","1658":"r","1659":",","1660":"\\","1661":"n","1662":" ","1663":" ","1664":" ","1665":" ","1666":"U","1667":"n","1668":"d","1669":"o","1670":"L","1671":"i","1672":"s","1673":"t","1674":"\\","1675":"n","1676":" ","1677":" ","1678":"}","1679":",","1680":"\\","1681":"n","1682":" ","1683":" ","1684":"d","1685":"a","1686":"t","1687":"a","1688":" ","1689":"(","1690":")","1691":" ","1692":"{","1693":"\\","1694":"n","1695":" ","1696":" ","1697":" ","1698":" ","1699":"r","1700":"e","1701":"t","1702":"u","1703":"r","1704":"n","1705":" ","1706":"{","1707":"\\","1708":"n","1709":" ","1710":" ","1711":" ","1712":" ","1713":" ","1714":" ","1715":"u","1716":"n","1717":"d","1718":"o","1719":"L","1720":"i","1721":"s","1722":"t","1723":":","1724":" ","1725":"[","1726":"]","1727":"\\","1728":"n","1729":" ","1730":" ","1731":" ","1732":" ","1733":"}","1734":"\\","1735":"n","1736":" ","1737":" ","1738":"}","1739":",","1740":"\\","1741":"n","1742":" ","1743":" ","1744":"m","1745":"e","1746":"t","1747":"h","1748":"o","1749":"d","1750":"s","1751":":","1752":" ","1753":"{","1754":"\\","1755":"n","1756":" ","1757":" ","1758":" ","1759":" ","1760":"a","1761":"d","1762":"d","1763":"U","1764":"n","1765":"d","1766":"o","1767":"I","1768":"t","1769":"e","1770":"m","1771":" ","1772":"(","1773":"i","1774":"t","1775":"e","1776":"m","1777":")","1778":" ","1779":"{","1780":"\\","1781":"n","1782":" ","1783":" ","1784":" ","1785":" ","1786":" ","1787":" ","1788":"t","1789":"h","1790":"i","1791":"s","1792":".","1793":"u","1794":"n","1795":"d","1796":"o","1797":"L","1798":"i","1799":"s","1800":"t","1801":".","1802":"p","1803":"u","1804":"s","1805":"h","1806":"(","1807":"{","1808":" ","1809":"s","1810":"t","1811":"a","1812":"t","1813":"u","1814":"s","1815":":","1816":" ","1817":"'","1818":"d","1819":"i","1820":"v","1821":"'","1822":",","1823":" ","1824":"v","1825":"a","1826":"l","1827":"u","1828":"e","1829":":","1830":" ","1831":"i","1832":"t","1833":"e","1834":"m","1835":" ","1836":"}","1837":")","1838":"\\","1839":"n","1840":" ","1841":" ","1842":" ","1843":" ","1844":"}","1845":",","1846":"\\","1847":"n","1848":" ","1849":" ","1850":" ","1851":" ","1852":"d","1853":"e","1854":"l","1855":"e","1856":"t","1857":"e","1858":"U","1859":"n","1860":"d","1861":"o","1862":"I","1863":"t","1864":"e","1865":"m","1866":" ","1867":"(","1868":"i","1869":"n","1870":"d","1871":"e","1872":"x","1873":")","1874":" ","1875":"{","1876":"\\","1877":"n","1878":" ","1879":" ","1880":" ","1881":" ","1882":" ","1883":" ","1884":"t","1885":"h","1886":"i","1887":"s","1888":".","1889":"u","1890":"n","1891":"d","1892":"o","1893":"L","1894":"i","1895":"s","1896":"t","1897":".","1898":"s","1899":"p","1900":"l","1901":"i","1902":"c","1903":"e","1904":"(","1905":"i","1906":"n","1907":"d","1908":"e","1909":"x","1910":",","1911":" ","1912":"1","1913":")","1914":"\\","1915":"n","1916":" ","1917":" ","1918":" ","1919":" ","1920":"}","1921":",","1922":"\\","1923":"n","1924":" ","1925":" ","1926":" ","1927":" ","1928":"c","1929":"h","1930":"a","1931":"n","1932":"g","1933":"e","1934":"I","1935":"t","1936":"e","1937":"m","1938":"S","1939":"t","1940":"a","1941":"t","1942":"u","1943":"s","1944":" ","1945":"(","1946":"i","1947":"n","1948":"d","1949":"e","1950":"x","1951":")","1952":" ","1953":"{","1954":"\\","1955":"n","1956":" ","1957":" ","1958":" ","1959":" ","1960":" ","1961":" ","1962":"t","1963":"h","1964":"i","1965":"s","1966":".","1967":"u","1968":"n","1969":"d","1970":"o","1971":"L","1972":"i","1973":"s","1974":"t","1975":".","1976":"f","1977":"o","1978":"r","1979":"E","1980":"a","1981":"c","1982":"h","1983":"(","1984":"(","1985":"i","1986":"t","1987":"e","1988":"m","1989":",","1990":" ","1991":"i","1992":"d","1993":"x","1994":")","1995":" ","1996":"=","1997":">","1998":" ","1999":"{","2000":"\\","2001":"n","2002":" ","2003":" ","2004":" ","2005":" ","2006":" ","2007":" ","2008":" ","2009":" ","2010":"i","2011":"f","2012":" ","2013":"(","2014":"i","2015":"n","2016":"d","2017":"e","2018":"x","2019":" ","2020":"=","2021":"=","2022":"=","2023":" ","2024":"i","2025":"d","2026":"x","2027":")","2028":" ","2029":"{","2030":"\\","2031":"n","2032":" ","2033":" ","2034":" ","2035":" ","2036":" ","2037":" ","2038":" ","2039":" ","2040":" ","2041":" ","2042":"i","2043":"t","2044":"e","2045":"m","2046":".","2047":"s","2048":"t","2049":"a","2050":"t","2051":"u","2052":"s","2053":" ","2054":"=","2055":" ","2056":"'","2057":"i","2058":"n","2059":"p","2060":"u","2061":"t","2062":"'","2063":"\\","2064":"n","2065":" ","2066":" ","2067":" ","2068":" ","2069":" ","2070":" ","2071":" ","2072":" ","2073":"}","2074":" ","2075":"e","2076":"l","2077":"s","2078":"e","2079":" ","2080":"{","2081":"\\","2082":"n","2083":" ","2084":" ","2085":" ","2086":" ","2087":" ","2088":" ","2089":" ","2090":" ","2091":" ","2092":" ","2093":"i","2094":"t","2095":"e","2096":"m","2097":".","2098":"s","2099":"t","2100":"a","2101":"t","2102":"u","2103":"s","2104":" ","2105":"=","2106":" ","2107":"'","2108":"d","2109":"i","2110":"v","2111":"'","2112":"\\","2113":"n","2114":" ","2115":" ","2116":" ","2117":" ","2118":" ","2119":" ","2120":" ","2121":" ","2122":"}","2123":"\\","2124":"n","2125":" ","2126":" ","2127":" ","2128":" ","2129":" ","2130":" ","2131":"}","2132":")","2133":"\\","2134":"n","2135":" ","2136":" ","2137":" ","2138":" ","2139":"}","2140":",","2141":"\\","2142":"n","2143":" ","2144":" ","2145":" ","2146":" ","2147":"r","2148":"e","2149":"s","2150":"e","2151":"t","2152":" ","2153":"(","2154":"i","2155":"n","2156":"d","2157":"e","2158":"x","2159":")","2160":" ","2161":"{","2162":"\\","2163":"n","2164":" ","2165":" ","2166":" ","2167":" ","2168":" ","2169":" ","2170":"t","2171":"h","2172":"i","2173":"s","2174":".","2175":"u","2176":"n","2177":"d","2178":"o","2179":"L","2180":"i","2181":"s","2182":"t","2183":"[","2184":"i","2185":"n","2186":"d","2187":"e","2188":"x","2189":"]","2190":".","2191":"s","2192":"t","2193":"a","2194":"t","2195":"u","2196":"s","2197":" ","2198":"=","2199":" ","2200":"'","2201":"d","2202":"i","2203":"v","2204":"'","2205":"\\","2206":"n","2207":" ","2208":" ","2209":" ","2210":" ","2211":"}","2212":",","2213":"\\","2214":"n","2215":" ","2216":" ","2217":" ","2218":" ","2219":"c","2220":"h","2221":"a","2222":"n","2223":"g","2224":"e","2225":"V","2226":"a","2227":"l","2228":"u","2229":"e","2230":" ","2231":"(","2232":"{","2233":" ","2234":"v","2235":"a","2236":"l","2237":"u","2238":"e","2239":",","2240":" ","2241":"i","2242":"n","2243":"d","2244":"e","2245":"x","2246":" ","2247":"}","2248":")","2249":" ","2250":"{","2251":"\\","2252":"n","2253":" ","2254":" ","2255":" ","2256":" ","2257":" ","2258":" ","2259":"i","2260":"f","2261":" ","2262":"(","2263":"i","2264":"n","2265":"d","2266":"e","2267":"x","2268":" ","2269":"!","2270":"=","2271":"=","2272":" ","2273":"u","2274":"n","2275":"d","2276":"e","2277":"f","2278":"i","2279":"n","2280":"e","2281":"d","2282":")","2283":" ","2284":"{","2285":"\\","2286":"n","2287":" ","2288":" ","2289":" ","2290":" ","2291":" ","2292":" ","2293":" ","2294":" ","2295":"t","2296":"h","2297":"i","2298":"s","2299":".","2300":"u","2301":"n","2302":"d","2303":"o","2304":"L","2305":"i","2306":"s","2307":"t","2308":"[","2309":"i","2310":"n","2311":"d","2312":"e","2313":"x","2314":"]","2315":".","2316":"v","2317":"a","2318":"l","2319":"u","2320":"e","2321":" ","2322":"=","2323":" ","2324":"v","2325":"a","2326":"l","2327":"u","2328":"e","2329":"\\","2330":"n","2331":" ","2332":" ","2333":" ","2334":" ","2335":" ","2336":" ","2337":"}","2338":"\\","2339":"n","2340":" ","2341":" ","2342":" ","2343":" ","2344":"}","2345":"\\","2346":"n","2347":" ","2348":" ","2349":"}","2350":"\\","2351":"n","2352":"}","2353":"\\","2354":"n","2355":"<","2356":"/","2357":"s","2358":"c","2359":"r","2360":"i","2361":"p","2362":"t","2363":">","2364":"\\","2365":"n","2366":"\\","2367":"n","2368":"<","2369":"s","2370":"t","2371":"y","2372":"l","2373":"e","2374":" ","2375":"l","2376":"a","2377":"n","2378":"g","2379":"=","2380":"\\","2381":"\"","2382":"s","2383":"t","2384":"y","2385":"l","2386":"u","2387":"s","2388":"\\","2389":"\"","2390":">","2391":"\\","2392":"n","2393":"\\","2394":"n","2395":"<","2396":"/","2397":"s","2398":"t","2399":"y","2400":"l","2401":"e","2402":">","2403":"\\","2404":"n","2405":"\"","2406":"]","2407":"}"},"_coverageSchema":"1a1c01bbd47fc00a2c39e90264f33305004495a9","hash":"9c1eb8b570fed9c763dbf03d24bffbd59cfe5610"}
,"/Users/hanxiaoxue/Documents/work/fontEnd-autoTesting/lesson13/jest-vue/src/container/TodoList/components/Header.vue": {"path":"/Users/hanxiaoxue/Documents/work/fontEnd-autoTesting/lesson13/jest-vue/src/container/TodoList/components/Header.vue","statementMap":{"0":{"start":{"line":4,"column":0},"end":{"line":6,"column":3}},"1":{"start":{"line":7,"column":0},"end":{"line":7,"column":25}},"2":{"start":{"line":8,"column":15},"end":{"line":24,"column":1}},"3":{"start":{"line":12,"column":4},"end":{"line":14,"column":6}},"4":{"start":{"line":18,"column":6},"end":{"line":21,"column":7}},"5":{"start":{"line":19,"column":8},"end":{"line":19,"column":43}},"6":{"start":{"line":20,"column":8},"end":{"line":20,"column":29}},"7":{"start":{"line":27,"column":0},"end":{"line":27,"column":13}},"8":{"start":{"line":29,"column":0},"end":{"line":31,"column":3}},"9":{"start":{"line":32,"column":0},"end":{"line":32,"column":24}},"10":{"start":{"line":33,"column":11},"end":{"line":33,"column":25}},"11":{"start":{"line":34,"column":19},"end":{"line":36,"column":1}},"12":{"start":{"line":37,"column":19},"end":{"line":39,"column":1}},"13":{"start":{"line":41,"column":2},"end":{"line":49,"column":92}},"14":{"start":{"line":43,"column":63},"end":{"line":43,"column":87}},"15":{"start":{"line":45,"column":6},"end":{"line":45,"column":64}},"16":{"start":{"line":50,"column":2},"end":{"line":50,"column":49}}},"fnMap":{"0":{"name":"(anonymous_0)","decl":{"start":{"line":11,"column":2},"end":{"line":11,"column":3}},"loc":{"start":{"line":11,"column":9},"end":{"line":15,"column":3}},"line":11},"1":{"name":"(anonymous_1)","decl":{"start":{"line":17,"column":4},"end":{"line":17,"column":5}},"loc":{"start":{"line":17,"column":18},"end":{"line":22,"column":5}},"line":17},"2":{"name":"render","decl":{"start":{"line":40,"column":9},"end":{"line":40,"column":15}},"loc":{"start":{"line":40,"column":30},"end":{"line":50,"column":1}},"line":40},"3":{"name":"(anonymous_3)","decl":{"start":{"line":43,"column":53},"end":{"line":43,"column":54}},"loc":{"start":{"line":43,"column":63},"end":{"line":43,"column":87}},"line":43},"4":{"name":"(anonymous_4)","decl":{"start":{"line":44,"column":58},"end":{"line":44,"column":59}},"loc":{"start":{"line":44,"column":70},"end":{"line":46,"column":5}},"line":44}},"branchMap":{"0":{"loc":{"start":{"line":18,"column":6},"end":{"line":21,"column":7}},"type":"if","locations":[{"start":{"line":18,"column":6},"end":{"line":21,"column":7}},{"start":{},"end":{}}],"line":18},"1":{"loc":{"start":{"line":43,"column":27},"end":{"line":43,"column":88}},"type":"binary-expr","locations":[{"start":{"line":43,"column":27},"end":{"line":43,"column":36}},{"start":{"line":43,"column":41},"end":{"line":43,"column":87}}],"line":43},"2":{"loc":{"start":{"line":44,"column":13},"end":{"line":46,"column":18}},"type":"binary-expr","locations":[{"start":{"line":44,"column":13},"end":{"line":44,"column":22}},{"start":{"line":44,"column":27},"end":{"line":46,"column":17}}],"line":44},"3":{"loc":{"start":{"line":45,"column":13},"end":{"line":45,"column":63}},"type":"binary-expr","locations":[{"start":{"line":45,"column":13},"end":{"line":45,"column":29}},{"start":{"line":45,"column":33},"end":{"line":45,"column":63}}],"line":45}},"s":{"0":2,"1":2,"2":2,"3":7,"4":3,"5":2,"6":2,"7":2,"8":2,"9":2,"10":2,"11":2,"12":2,"13":11,"14":4,"15":3,"16":2},"f":{"0":7,"1":3,"2":11,"3":4,"4":3},"b":{"0":[2,1],"1":[11,7],"2":[11,7],"3":[3,3]},"inputSourceMap":{"0":"{","1":"\"","2":"v","3":"e","4":"r","5":"s","6":"i","7":"o","8":"n","9":"\"","10":":","11":"3","12":",","13":"\"","14":"s","15":"o","16":"u","17":"r","18":"c","19":"e","20":"s","21":"\"","22":":","23":"[","24":"\"","25":"/","26":"U","27":"s","28":"e","29":"r","30":"s","31":"/","32":"h","33":"a","34":"n","35":"x","36":"i","37":"a","38":"o","39":"x","40":"u","41":"e","42":"/","43":"D","44":"o","45":"c","46":"u","47":"m","48":"e","49":"n","50":"t","51":"s","52":"/","53":"w","54":"o","55":"r","56":"k","57":"/","58":"f","59":"o","60":"n","61":"t","62":"E","63":"n","64":"d","65":"-","66":"a","67":"u","68":"t","69":"o","70":"T","71":"e","72":"s","73":"t","74":"i","75":"n","76":"g","77":"/","78":"l","79":"e","80":"s","81":"s","82":"o","83":"n","84":"1","85":"3","86":"/","87":"j","88":"e","89":"s","90":"t","91":"-","92":"v","93":"u","94":"e","95":"/","96":"s","97":"r","98":"c","99":"/","100":"c","101":"o","102":"n","103":"t","104":"a","105":"i","106":"n","107":"e","108":"r","109":"/","110":"T","111":"o","112":"d","113":"o","114":"L","115":"i","116":"s","117":"t","118":"/","119":"c","120":"o","121":"m","122":"p","123":"o","124":"n","125":"e","126":"n","127":"t","128":"s","129":"/","130":"H","131":"e","132":"a","133":"d","134":"e","135":"r","136":".","137":"v","138":"u","139":"e","140":"\"","141":"]","142":",","143":"\"","144":"n","145":"a","146":"m","147":"e","148":"s","149":"\"","150":":","151":"[","152":"]","153":",","154":"\"","155":"m","156":"a","157":"p","158":"p","159":"i","160":"n","161":"g","162":"s","163":"\"","164":":","165":"\"","166":";","167":";","168":";","169":";","170":";","171":";","172":";","173":"e","174":"A","175":"S","176":"e","177":";","178":"E","179":"A","180":"C","181":"b","182":";","183":"E","184":"A","185":"C","186":"A","187":",","188":"I","189":"A","190":"A","191":"I","192":",","193":"E","194":"A","195":"A","196":"E","197":",","198":"Q","199":"A","200":"A","201":"Q","202":";","203":"E","204":"A","205":"C","206":"d","207":",","208":"I","209":"A","210":"A","211":"I","212":",","213":"G","214":"A","215":"A","216":"I","217":";","218":"I","219":"A","220":"C","221":"N","222":",","223":"O","224":"A","225":"A","226":"O","227":";","228":"M","229":"A","230":"C","231":"L","232":",","233":"U","234":"A","235":"A","236":"U","237":",","238":"E","239":"A","240":"A","241":"E","242":";","243":"I","244":"A","245":"C","246":"d","247":",","248":"C","249":"A","250":"A","251":"C","252":";","253":"E","254":"A","255":"C","256":"H","257":",","258":"C","259":"A","260":"A","261":"C","262":";","263":"E","264":"A","265":"C","266":"D","267":",","268":"O","269":"A","270":"A","271":"O","272":",","273":"E","274":"A","275":"A","276":"E","277":";","278":"I","279":"A","280":"C","281":"P","282":",","283":"W","284":"A","285":"A","286":"W","287":",","288":"G","289":"A","290":"A","291":"I","292":";","293":"M","294":"A","295":"C","296":"b","297":",","298":"I","299":"A","300":"A","301":"I","302":",","303":"I","304":"A","305":"A","306":"I","307":",","308":"C","309":"A","310":"A","311":"C","312":",","313":"U","314":"A","315":"A","316":"U","317":",","318":"E","319":"A","320":"A","321":"E","322":";","323":"Q","324":"A","325":"C","326":"n","327":"B","328":",","329":"I","330":"A","331":"A","332":"I","333":",","334":"C","335":"A","336":"A","337":"C","338":",","339":"K","340":"A","341":"A","342":"K","343":",","344":"C","345":"A","346":"A","347":"C","348":",","349":"K","350":"A","351":"A","352":"K","353":",","354":"E","355":"A","356":"A","357":"E","358":",","359":"I","360":"A","361":"A","362":"I","363":",","364":"C","365":"A","366":"A","367":"C","368":",","369":"U","370":"A","371":"A","372":"U","373":",","374":"C","375":"A","376":"A","377":"C","378":";","379":"Q","380":"A","381":"C","382":"l","383":"C","384":",","385":"I","386":"A","387":"A","388":"I","389":",","390":"C","391":"A","392":"A","393":"C","394":",","395":"U","396":"A","397":"A","398":"U","399":",","400":"G","401":"A","402":"A","403":"G","404":",","405":"E","406":"A","407":"A","408":"E","409":";","410":"M","411":"A","412":"C","413":"t","414":"B","415":";","416":"I","417":"A","418":"C","419":"F","420":";","421":"E","422":"A","423":"C","424":"F","425":";","426":"A","427":"A","428":"C","429":"F","430":",","431":"C","432":"A","433":"A","434":"C","435":";","436":"A","437":"A","438":"A","439":"A","440":";","441":"A","442":"A","443":"A","444":"A","445":"\"","446":",","447":"\"","448":"f","449":"i","450":"l","451":"e","452":"\"","453":":","454":"\"","455":"/","456":"U","457":"s","458":"e","459":"r","460":"s","461":"/","462":"h","463":"a","464":"n","465":"x","466":"i","467":"a","468":"o","469":"x","470":"u","471":"e","472":"/","473":"D","474":"o","475":"c","476":"u","477":"m","478":"e","479":"n","480":"t","481":"s","482":"/","483":"w","484":"o","485":"r","486":"k","487":"/","488":"f","489":"o","490":"n","491":"t","492":"E","493":"n","494":"d","495":"-","496":"a","497":"u","498":"t","499":"o","500":"T","501":"e","502":"s","503":"t","504":"i","505":"n","506":"g","507":"/","508":"l","509":"e","510":"s","511":"s","512":"o","513":"n","514":"1","515":"3","516":"/","517":"j","518":"e","519":"s","520":"t","521":"-","522":"v","523":"u","524":"e","525":"/","526":"s","527":"r","528":"c","529":"/","530":"c","531":"o","532":"n","533":"t","534":"a","535":"i","536":"n","537":"e","538":"r","539":"/","540":"T","541":"o","542":"d","543":"o","544":"L","545":"i","546":"s","547":"t","548":"/","549":"c","550":"o","551":"m","552":"p","553":"o","554":"n","555":"e","556":"n","557":"t","558":"s","559":"/","560":"H","561":"e","562":"a","563":"d","564":"e","565":"r","566":".","567":"v","568":"u","569":"e","570":"\"","571":",","572":"\"","573":"s","574":"o","575":"u","576":"r","577":"c","578":"e","579":"s","580":"C","581":"o","582":"n","583":"t","584":"e","585":"n","586":"t","587":"\"","588":":","589":"[","590":"\"","591":"<","592":"t","593":"e","594":"m","595":"p","596":"l","597":"a","598":"t","599":"e","600":">","601":"\\","602":"n","603":" ","604":" ","605":" ","606":" ","607":"<","608":"d","609":"i","610":"v","611":" ","612":"c","613":"l","614":"a","615":"s","616":"s","617":"=","618":"\\","619":"\"","620":"h","621":"e","622":"a","623":"d","624":"e","625":"r","626":"\\","627":"\"","628":">","629":"\\","630":"n","631":" ","632":" ","633":" ","634":" ","635":" ","636":" ","637":"<","638":"d","639":"i","640":"v","641":" ","642":"c","643":"l","644":"a","645":"s","646":"s","647":"=","648":"\\","649":"\"","650":"h","651":"e","652":"a","653":"d","654":"e","655":"r","656":"-","657":"c","658":"o","659":"n","660":"t","661":"e","662":"n","663":"t","664":"\\","665":"\"","666":">","667":"\\","668":"n","669":" ","670":" ","671":" ","672":" ","673":" ","674":" ","675":" ","676":" ","677":"T","678":"o","679":"d","680":"o","681":"L","682":"i","683":"s","684":"t","685":":","686":" ","687":"<","688":"i","689":"n","690":"p","691":"u","692":"t","693":" ","694":"d","695":"a","696":"t","697":"a","698":"-","699":"t","700":"e","701":"s","702":"t","703":"=","704":"\\","705":"\"","706":"i","707":"n","708":"p","709":"u","710":"t","711":"\\","712":"\"","713":" ","714":"v","715":"-","716":"m","717":"o","718":"d","719":"e","720":"l","721":"=","722":"\\","723":"\"","724":"i","725":"n","726":"p","727":"u","728":"t","729":"V","730":"a","731":"l","732":"u","733":"e","734":"\\","735":"\"","736":" ","737":"@","738":"k","739":"e","740":"y","741":"u","742":"p","743":".","744":"e","745":"n","746":"t","747":"e","748":"r","749":"=","750":"\\","751":"\"","752":"c","753":"h","754":"a","755":"n","756":"g","757":"e","758":"I","759":"n","760":"p","761":"u","762":"t","763":"\\","764":"\"","765":" ","766":"c","767":"l","768":"a","769":"s","770":"s","771":"=","772":"\\","773":"\"","774":"i","775":"n","776":"p","777":"u","778":"t","779":"\\","780":"\"","781":" ","782":"p","783":"l","784":"a","785":"c","786":"e","787":"h","788":"o","789":"l","790":"d","791":"e","792":"r","793":"=","794":"\\","795":"\"","796":"请","797":"添","798":"加","799":"t","800":"o","801":"d","802":"o","803":" ","804":"i","805":"t","806":"e","807":"m","808":"w","809":"\\","810":"\"","811":">","812":"\\","813":"n","814":" ","815":" ","816":" ","817":" ","818":" ","819":" ","820":"<","821":"/","822":"d","823":"i","824":"v","825":">","826":"\\","827":"n","828":" ","829":" ","830":" ","831":" ","832":"<","833":"/","834":"d","835":"i","836":"v","837":">","838":"\\","839":"n","840":"<","841":"/","842":"t","843":"e","844":"m","845":"p","846":"l","847":"a","848":"t","849":"e","850":">","851":"\\","852":"n","853":"\\","854":"n","855":"<","856":"s","857":"c","858":"r","859":"i","860":"p","861":"t","862":">","863":"\\","864":"n","865":"e","866":"x","867":"p","868":"o","869":"r","870":"t","871":" ","872":"d","873":"e","874":"f","875":"a","876":"u","877":"l","878":"t","879":" ","880":"{","881":"\\","882":"n","883":" ","884":" ","885":"/","886":"/","887":" ","888":"e","889":"s","890":"l","891":"i","892":"n","893":"t","894":"-","895":"d","896":"i","897":"s","898":"a","899":"b","900":"l","901":"e","902":"-","903":"n","904":"e","905":"x","906":"t","907":"-","908":"l","909":"i","910":"n","911":"e","912":" ","913":"v","914":"u","915":"e","916":"/","917":"m","918":"u","919":"l","920":"t","921":"i","922":"-","923":"w","924":"o","925":"r","926":"d","927":"-","928":"c","929":"o","930":"m","931":"p","932":"o","933":"n","934":"e","935":"n","936":"t","937":"-","938":"n","939":"a","940":"m","941":"e","942":"s","943":"\\","944":"n","945":" ","946":" ","947":"n","948":"a","949":"m","950":"e","951":":","952":" ","953":"'","954":"H","955":"e","956":"a","957":"d","958":"e","959":"r","960":"'","961":",","962":"\\","963":"n","964":" ","965":" ","966":"d","967":"a","968":"t","969":"a","970":" ","971":"(","972":")","973":" ","974":"{","975":"\\","976":"n","977":" ","978":" ","979":" ","980":" ","981":"r","982":"e","983":"t","984":"u","985":"r","986":"n","987":" ","988":"{","989":"\\","990":"n","991":" ","992":" ","993":" ","994":" ","995":" ","996":" ","997":"i","998":"n","999":"p","1000":"u","1001":"t","1002":"V","1003":"a","1004":"l","1005":"u","1006":"e","1007":":","1008":" ","1009":"'","1010":"1","1011":"2","1012":"3","1013":"'","1014":"\\","1015":"n","1016":" ","1017":" ","1018":" ","1019":" ","1020":"}","1021":"\\","1022":"n","1023":" ","1024":" ","1025":"}","1026":",","1027":"\\","1028":"n","1029":" ","1030":" ","1031":"m","1032":"e","1033":"t","1034":"h","1035":"o","1036":"d","1037":"s","1038":":","1039":" ","1040":"{","1041":"\\","1042":"n","1043":" ","1044":" ","1045":" ","1046":" ","1047":"c","1048":"h","1049":"a","1050":"n","1051":"g","1052":"e","1053":"I","1054":"n","1055":"p","1056":"u","1057":"t","1058":" ","1059":"(","1060":")","1061":" ","1062":"{","1063":"\\","1064":"n","1065":" ","1066":" ","1067":" ","1068":" ","1069":" ","1070":" ","1071":"i","1072":"f","1073":" ","1074":"(","1075":"t","1076":"h","1077":"i","1078":"s","1079":".","1080":"i","1081":"n","1082":"p","1083":"u","1084":"t","1085":"V","1086":"a","1087":"l","1088":"u","1089":"e","1090":")","1091":" ","1092":"{","1093":"\\","1094":"n","1095":" ","1096":" ","1097":" ","1098":" ","1099":" ","1100":" ","1101":" ","1102":" ","1103":"t","1104":"h","1105":"i","1106":"s","1107":".","1108":"$","1109":"e","1110":"m","1111":"i","1112":"t","1113":"(","1114":"'","1115":"a","1116":"d","1117":"d","1118":"'","1119":",","1120":" ","1121":"t","1122":"h","1123":"i","1124":"s","1125":".","1126":"i","1127":"n","1128":"p","1129":"u","1130":"t","1131":"V","1132":"a","1133":"l","1134":"u","1135":"e","1136":")","1137":"\\","1138":"n","1139":" ","1140":" ","1141":" ","1142":" ","1143":" ","1144":" ","1145":" ","1146":" ","1147":"t","1148":"h","1149":"i","1150":"s","1151":".","1152":"i","1153":"n","1154":"p","1155":"u","1156":"t","1157":"V","1158":"a","1159":"l","1160":"u","1161":"e","1162":" ","1163":"=","1164":" ","1165":"'","1166":"'","1167":"\\","1168":"n","1169":" ","1170":" ","1171":" ","1172":" ","1173":" ","1174":" ","1175":"}","1176":"\\","1177":"n","1178":" ","1179":" ","1180":" ","1181":" ","1182":"}","1183":"\\","1184":"n","1185":" ","1186":" ","1187":"}","1188":"\\","1189":"n","1190":"}","1191":"\\","1192":"n","1193":"<","1194":"/","1195":"s","1196":"c","1197":"r","1198":"i","1199":"p","1200":"t","1201":">","1202":"\\","1203":"n","1204":"\\","1205":"n","1206":"<","1207":"s","1208":"t","1209":"y","1210":"l","1211":"e","1212":" ","1213":"l","1214":"a","1215":"n","1216":"g","1217":"=","1218":"\\","1219":"\"","1220":"s","1221":"t","1222":"y","1223":"l","1224":"u","1225":"s","1226":"\\","1227":"\"","1228":" ","1229":"s","1230":"c","1231":"o","1232":"p","1233":"e","1234":"d","1235":">","1236":"\\","1237":"n","1238":".","1239":"h","1240":"e","1241":"a","1242":"d","1243":"e","1244":"r","1245":" ","1246":"{","1247":"\\","1248":"n","1249":" ","1250":" ","1251":"b","1252":"a","1253":"c","1254":"k","1255":"g","1256":"r","1257":"o","1258":"u","1259":"n","1260":"d","1261":":","1262":" ","1263":"#","1264":"6","1265":"6","1266":"6","1267":"\\","1268":"n","1269":" ","1270":" ","1271":"l","1272":"i","1273":"n","1274":"e","1275":"-","1276":"h","1277":"e","1278":"i","1279":"g","1280":"h","1281":"t","1282":":","1283":" ","1284":"6","1285":"0","1286":"p","1287":"x","1288":"\\","1289":"n","1290":" ","1291":" ","1292":"&","1293":"-","1294":"c","1295":"o","1296":"n","1297":"t","1298":"e","1299":"n","1300":"t","1301":" ","1302":"{","1303":"\\","1304":"n","1305":" ","1306":" ","1307":" ","1308":" ","1309":"w","1310":"i","1311":"d","1312":"t","1313":"h","1314":":","1315":" ","1316":"6","1317":"0","1318":"0","1319":"p","1320":"x","1321":"\\","1322":"n","1323":" ","1324":" ","1325":" ","1326":" ","1327":"m","1328":"a","1329":"r","1330":"g","1331":"i","1332":"n","1333":":","1334":" ","1335":"0","1336":" ","1337":"a","1338":"u","1339":"t","1340":"o","1341":"\\","1342":"n","1343":" ","1344":" ","1345":" ","1346":" ","1347":"c","1348":"o","1349":"l","1350":"o","1351":"r","1352":":","1353":" ","1354":"#","1355":"3","1356":"3","1357":"3","1358":"\\","1359":"n","1360":" ","1361":" ","1362":" ","1363":" ","1364":"f","1365":"o","1366":"n","1367":"t","1368":"-","1369":"s","1370":"i","1371":"z","1372":"e","1373":":","1374":" ","1375":"2","1376":"4","1377":"p","1378":"x","1379":"\\","1380":"n","1381":" ","1382":" ","1383":" ","1384":" ","1385":".","1386":"i","1387":"n","1388":"p","1389":"u","1390":"t","1391":" ","1392":"{","1393":"\\","1394":"n","1395":" ","1396":" ","1397":" ","1398":" ","1399":" ","1400":" ","1401":"f","1402":"l","1403":"o","1404":"a","1405":"t","1406":":","1407":" ","1408":"r","1409":"i","1410":"g","1411":"h","1412":"t","1413":"\\","1414":"n","1415":" ","1416":" ","1417":" ","1418":" ","1419":" ","1420":" ","1421":"w","1422":"i","1423":"d","1424":"t","1425":"h","1426":":","1427":" ","1428":"3","1429":"0","1430":"0","1431":"p","1432":"x","1433":"\\","1434":"n","1435":" ","1436":" ","1437":" ","1438":" ","1439":" ","1440":" ","1441":"l","1442":"i","1443":"n","1444":"e","1445":"-","1446":"h","1447":"e","1448":"i","1449":"g","1450":"h","1451":"t","1452":":","1453":" ","1454":"2","1455":"4","1456":"p","1457":"x","1458":"\\","1459":"n","1460":" ","1461":" ","1462":" ","1463":" ","1464":" ","1465":" ","1466":"o","1467":"u","1468":"t","1469":"l","1470":"i","1471":"n","1472":"e","1473":":","1474":" ","1475":"n","1476":"o","1477":"n","1478":"e","1479":"\\","1480":"n","1481":" ","1482":" ","1483":" ","1484":" ","1485":" ","1486":" ","1487":"m","1488":"a","1489":"r","1490":"g","1491":"i","1492":"n","1493":"-","1494":"t","1495":"o","1496":"p","1497":":","1498":" ","1499":"1","1500":"6","1501":"p","1502":"x","1503":"\\","1504":"n","1505":" ","1506":" ","1507":" ","1508":" ","1509":" ","1510":" ","1511":"c","1512":"o","1513":"l","1514":"o","1515":"r","1516":":","1517":" ","1518":"#","1519":"3","1520":"3","1521":"3","1522":"\\","1523":"n","1524":" ","1525":" ","1526":" ","1527":" ","1528":" ","1529":" ","1530":"f","1531":"o","1532":"n","1533":"t","1534":"-","1535":"s","1536":"i","1537":"z","1538":"e","1539":":","1540":" ","1541":"3","1542":"0","1543":"p","1544":"x","1545":"\\","1546":"n","1547":" ","1548":" ","1549":" ","1550":" ","1551":"}","1552":"\\","1553":"n","1554":" ","1555":" ","1556":"}","1557":"\\","1558":"n","1559":"}","1560":"\\","1561":"n","1562":"<","1563":"/","1564":"s","1565":"t","1566":"y","1567":"l","1568":"e","1569":">","1570":"\\","1571":"n","1572":"\"","1573":"]","1574":"}"},"_coverageSchema":"1a1c01bbd47fc00a2c39e90264f33305004495a9","hash":"9abae4c2afbb19ff3e01531dd2559e2a4fef9b9d"}
,"/Users/hanxiaoxue/Documents/work/fontEnd-autoTesting/lesson13/jest-vue/src/container/TodoList/components/UndoList.vue": {"path":"/Users/hanxiaoxue/Documents/work/fontEnd-autoTesting/lesson13/jest-vue/src/container/TodoList/components/UndoList.vue","statementMap":{"0":{"start":{"line":4,"column":0},"end":{"line":6,"column":3}},"1":{"start":{"line":7,"column":0},"end":{"line":7,"column":25}},"2":{"start":{"line":8,"column":15},"end":{"line":32,"column":1}},"3":{"start":{"line":14,"column":6},"end":{"line":14,"column":34}},"4":{"start":{"line":17,"column":6},"end":{"line":17,"column":40}},"5":{"start":{"line":20,"column":6},"end":{"line":20,"column":33}},"6":{"start":{"line":26,"column":6},"end":{"line":29,"column":9}},"7":{"start":{"line":35,"column":0},"end":{"line":35,"column":13}},"8":{"start":{"line":37,"column":0},"end":{"line":39,"column":3}},"9":{"start":{"line":40,"column":0},"end":{"line":40,"column":24}},"10":{"start":{"line":41,"column":11},"end":{"line":41,"column":25}},"11":{"start":{"line":42,"column":19},"end":{"line":44,"column":1}},"12":{"start":{"line":45,"column":19},"end":{"line":47,"column":1}},"13":{"start":{"line":48,"column":19},"end":{"line":48,"column":30}},"14":{"start":{"line":49,"column":19},"end":{"line":49,"column":50}},"15":{"start":{"line":50,"column":19},"end":{"line":52,"column":1}},"16":{"start":{"line":53,"column":19},"end":{"line":53,"column":30}},"17":{"start":{"line":55,"column":2},"end":{"line":77,"column":37}},"18":{"start":{"line":56,"column":4},"end":{"line":76,"column":68}},"19":{"start":{"line":59,"column":25},"end":{"line":59,"column":49}},"20":{"start":{"line":65,"column":24},"end":{"line":65,"column":40}},"21":{"start":{"line":66,"column":21},"end":{"line":69,"column":8}},"22":{"start":{"line":72,"column":25},"end":{"line":72,"column":47}},"23":{"start":{"line":78,"column":2},"end":{"line":78,"column":49}}},"fnMap":{"0":{"name":"(anonymous_0)","decl":{"start":{"line":13,"column":4},"end":{"line":13,"column":5}},"loc":{"start":{"line":13,"column":22},"end":{"line":15,"column":5}},"line":13},"1":{"name":"(anonymous_1)","decl":{"start":{"line":16,"column":4},"end":{"line":16,"column":5}},"loc":{"start":{"line":16,"column":24},"end":{"line":18,"column":5}},"line":16},"2":{"name":"(anonymous_2)","decl":{"start":{"line":19,"column":4},"end":{"line":19,"column":5}},"loc":{"start":{"line":19,"column":16},"end":{"line":21,"column":5}},"line":19},"3":{"name":"(anonymous_3)","decl":{"start":{"line":22,"column":4},"end":{"line":22,"column":5}},"loc":{"start":{"line":25,"column":7},"end":{"line":30,"column":5}},"line":25},"4":{"name":"render","decl":{"start":{"line":54,"column":9},"end":{"line":54,"column":15}},"loc":{"start":{"line":54,"column":30},"end":{"line":78,"column":1}},"line":54},"5":{"name":"(anonymous_5)","decl":{"start":{"line":55,"column":341},"end":{"line":55,"column":342}},"loc":{"start":{"line":55,"column":358},"end":{"line":77,"column":3}},"line":55},"6":{"name":"(anonymous_6)","decl":{"start":{"line":59,"column":15},"end":{"line":59,"column":16}},"loc":{"start":{"line":59,"column":25},"end":{"line":59,"column":49}},"line":59},"7":{"name":"(anonymous_7)","decl":{"start":{"line":65,"column":14},"end":{"line":65,"column":15}},"loc":{"start":{"line":65,"column":24},"end":{"line":65,"column":40}},"line":65},"8":{"name":"(anonymous_8)","decl":{"start":{"line":66,"column":16},"end":{"line":66,"column":17}},"loc":{"start":{"line":66,"column":21},"end":{"line":69,"column":8}},"line":66},"9":{"name":"(anonymous_9)","decl":{"start":{"line":72,"column":15},"end":{"line":72,"column":16}},"loc":{"start":{"line":72,"column":25},"end":{"line":72,"column":47}},"line":72}},"branchMap":{"0":{"loc":{"start":{"line":60,"column":8},"end":{"line":70,"column":186}},"type":"cond-expr","locations":[{"start":{"line":60,"column":35},"end":{"line":70,"column":56}},{"start":{"line":70,"column":61},"end":{"line":70,"column":185}}],"line":60}},"s":{"0":2,"1":2,"2":2,"3":1,"4":2,"5":1,"6":1,"7":2,"8":2,"9":2,"10":2,"11":2,"12":2,"13":2,"14":2,"15":2,"16":2,"17":7,"18":18,"19":2,"20":1,"21":1,"22":1,"23":2},"f":{"0":1,"1":2,"2":1,"3":1,"4":7,"5":18,"6":2,"7":1,"8":1,"9":1},"b":{"0":[3,15]},"inputSourceMap":{"0":"{","1":"\"","2":"v","3":"e","4":"r","5":"s","6":"i","7":"o","8":"n","9":"\"","10":":","11":"3","12":",","13":"\"","14":"s","15":"o","16":"u","17":"r","18":"c","19":"e","20":"s","21":"\"","22":":","23":"[","24":"\"","25":"/","26":"U","27":"s","28":"e","29":"r","30":"s","31":"/","32":"h","33":"a","34":"n","35":"x","36":"i","37":"a","38":"o","39":"x","40":"u","41":"e","42":"/","43":"D","44":"o","45":"c","46":"u","47":"m","48":"e","49":"n","50":"t","51":"s","52":"/","53":"w","54":"o","55":"r","56":"k","57":"/","58":"f","59":"o","60":"n","61":"t","62":"E","63":"n","64":"d","65":"-","66":"a","67":"u","68":"t","69":"o","70":"T","71":"e","72":"s","73":"t","74":"i","75":"n","76":"g","77":"/","78":"l","79":"e","80":"s","81":"s","82":"o","83":"n","84":"1","85":"3","86":"/","87":"j","88":"e","89":"s","90":"t","91":"-","92":"v","93":"u","94":"e","95":"/","96":"s","97":"r","98":"c","99":"/","100":"c","101":"o","102":"n","103":"t","104":"a","105":"i","106":"n","107":"e","108":"r","109":"/","110":"T","111":"o","112":"d","113":"o","114":"L","115":"i","116":"s","117":"t","118":"/","119":"c","120":"o","121":"m","122":"p","123":"o","124":"n","125":"e","126":"n","127":"t","128":"s","129":"/","130":"U","131":"n","132":"d","133":"o","134":"L","135":"i","136":"s","137":"t","138":".","139":"v","140":"u","141":"e","142":"\"","143":"]","144":",","145":"\"","146":"n","147":"a","148":"m","149":"e","150":"s","151":"\"","152":":","153":"[","154":"]","155":",","156":"\"","157":"m","158":"a","159":"p","160":"p","161":"i","162":"n","163":"g","164":"s","165":"\"","166":":","167":"\"","168":";","169":";","170":";","171":";","172":";","173":";","174":";","175":"e","176":"A","177":"g","178":"B","179":"e","180":";","181":"E","182":"A","183":"C","184":"b","185":";","186":"E","187":"A","188":"C","189":"A","190":",","191":"I","192":"A","193":"A","194":"I","195":",","196":"E","197":"A","198":"A","199":"E","200":",","201":"U","202":"A","203":"A","204":"U","205":";","206":"E","207":"A","208":"C","209":"h","210":"B","211":",","212":"K","213":"A","214":"A","215":"K","216":",","217":"E","218":"A","219":"A","220":"E","221":",","222":"C","223":"A","224":"A","225":"C","226":",","227":"M","228":"A","229":"A","230":"M","231":",","232":"C","233":"A","234":"A","235":"C","236":";","237":"E","238":"A","239":"C","240":"f","241":",","242":"O","243":"A","244":"A","245":"O","246":",","247":"E","248":"A","249":"A","250":"E","251":";","252":"I","253":"A","254":"C","255":"P","256":",","257":"U","258":"A","259":"A","260":"U","261":",","262":"C","263":"A","264":"A","265":"E","266":",","267":"K","268":"A","269":"A","270":"K","271":",","272":"E","273":"A","274":"A","275":"E","276":";","277":"M","278":"A","279":"C","280":"j","281":"B","282":",","283":"I","284":"A","285":"A","286":"I","287":",","288":"C","289":"A","290":"A","291":"C","292":",","293":"K","294":"A","295":"A","296":"K","297":",","298":"C","299":"A","300":"A","301":"C","302":",","303":"Q","304":"A","305":"A","306":"Q","307":",","308":"E","309":"A","310":"A","311":"E","312":",","313":"K","314":"A","315":"A","316":"K","317":",","318":"C","319":"A","320":"A","321":"C","322":";","323":"I","324":"A","325":"C","326":"7","327":"B","328":",","329":"C","330":"A","331":"A","332":"C","333":";","334":"I","335":"A","336":"C","337":"D","338":",","339":"Y","340":"A","341":"A","342":"Y","343":",","344":"C","345":"A","346":"A","347":"E","348":",","349":"K","350":"A","351":"A","352":"K","353":",","354":"E","355":"A","356":"A","357":"E","358":";","359":"M","360":"A","361":"C","362":"n","363":"B","364":",","365":"I","366":"A","367":"A","368":"I","369":",","370":"C","371":"A","372":"A","373":"C","374":",","375":"K","376":"A","377":"A","378":"K","379":",","380":"C","381":"A","382":"A","383":"C","384":",","385":"c","386":"A","387":"A","388":"c","389":",","390":"E","391":"A","392":"A","393":"E","394":",","395":"K","396":"A","397":"A","398":"K","399":",","400":"C","401":"A","402":"A","403":"C","404":";","405":"I","406":"A","407":"C","408":"n","409":"C","410":",","411":"C","412":"A","413":"A","414":"C","415":";","416":"I","417":"A","418":"C","419":"D","420":",","421":"I","422":"A","423":"A","424":"I","425":",","426":"C","427":"A","428":"A","429":"E","430":",","431":"K","432":"A","433":"A","434":"K","435":",","436":"E","437":"A","438":"A","439":"E","440":";","441":"M","442":"A","443":"C","444":"X","445":",","446":"I","447":"A","448":"A","449":"I","450":",","451":"C","452":"A","453":"A","454":"C","455":",","456":"K","457":"A","458":"A","459":"K","460":",","461":"C","462":"A","463":"A","464":"C","465":",","466":"O","467":"A","468":"A","469":"O","470":",","471":"E","472":"A","473":"A","474":"E","475":",","476":"K","477":"A","478":"A","479":"K","480":",","481":"C","482":"A","483":"A","484":"C","485":";","486":"I","487":"A","488":"C","489":"5","490":"B","491":",","492":"C","493":"A","494":"A","495":"C","496":";","497":"I","498":"A","499":"C","500":"D","501":",","502":"W","503":"A","504":"A","505":"W","506":",","507":"C","508":"A","509":"A","510":"E","511":";","512":"M","513":"A","514":"A","515":"E","516":",","517":"K","518":"A","519":"A","520":"K","521":";","522":"M","523":"A","524":"A","525":"E","526":";","527":"I","528":"A","529":"A","530":"M","531":",","532":"C","533":"A","534":"A","535":"C","536":",","537":"E","538":"A","539":"A","540":"E","541":";","542":"M","543":"A","544":"C","545":"7","546":"B","547":",","548":"I","549":"A","550":"A","551":"I","552":",","553":"C","554":"A","555":"A","556":"C","557":",","558":"K","559":"A","560":"A","561":"K","562":",","563":"C","564":"A","565":"A","566":"C","567":",","568":"Q","569":"A","570":"A","571":"Q","572":",","573":"E","574":"A","575":"A","576":"E","577":";","578":"Q","579":"A","580":"A","581":"E","582":",","583":"K","584":"A","585":"A","586":"K","587":";","588":"Q","589":"A","590":"A","591":"E","592":";","593":"M","594":"A","595":"A","596":"M","597":",","598":"C","599":"A","600":"A","601":"C","602":",","603":"C","604":"A","605":"A","606":"C","607":";","608":"I","609":"A","610":"C","611":"x","612":"C","613":";","614":"E","615":"A","616":"C","617":"F","618":";","619":"A","620":"A","621":"C","622":"F","623":",","624":"C","625":"A","626":"A","627":"C","628":";","629":"A","630":"A","631":"A","632":"A","633":";","634":"A","635":"A","636":"A","637":"A","638":"\"","639":",","640":"\"","641":"f","642":"i","643":"l","644":"e","645":"\"","646":":","647":"\"","648":"/","649":"U","650":"s","651":"e","652":"r","653":"s","654":"/","655":"h","656":"a","657":"n","658":"x","659":"i","660":"a","661":"o","662":"x","663":"u","664":"e","665":"/","666":"D","667":"o","668":"c","669":"u","670":"m","671":"e","672":"n","673":"t","674":"s","675":"/","676":"w","677":"o","678":"r","679":"k","680":"/","681":"f","682":"o","683":"n","684":"t","685":"E","686":"n","687":"d","688":"-","689":"a","690":"u","691":"t","692":"o","693":"T","694":"e","695":"s","696":"t","697":"i","698":"n","699":"g","700":"/","701":"l","702":"e","703":"s","704":"s","705":"o","706":"n","707":"1","708":"3","709":"/","710":"j","711":"e","712":"s","713":"t","714":"-","715":"v","716":"u","717":"e","718":"/","719":"s","720":"r","721":"c","722":"/","723":"c","724":"o","725":"n","726":"t","727":"a","728":"i","729":"n","730":"e","731":"r","732":"/","733":"T","734":"o","735":"d","736":"o","737":"L","738":"i","739":"s","740":"t","741":"/","742":"c","743":"o","744":"m","745":"p","746":"o","747":"n","748":"e","749":"n","750":"t","751":"s","752":"/","753":"U","754":"n","755":"d","756":"o","757":"L","758":"i","759":"s","760":"t","761":".","762":"v","763":"u","764":"e","765":"\"","766":",","767":"\"","768":"s","769":"o","770":"u","771":"r","772":"c","773":"e","774":"s","775":"C","776":"o","777":"n","778":"t","779":"e","780":"n","781":"t","782":"\"","783":":","784":"[","785":"\"","786":"<","787":"t","788":"e","789":"m","790":"p","791":"l","792":"a","793":"t","794":"e","795":">","796":"\\","797":"n","798":" ","799":" ","800":" ","801":" ","802":"<","803":"d","804":"i","805":"v","806":" ","807":"c","808":"l","809":"a","810":"s","811":"s","812":"=","813":"\\","814":"\"","815":"u","816":"n","817":"d","818":"o","819":"L","820":"i","821":"s","822":"t","823":"\\","824":"\"","825":">","826":"\\","827":"n","828":" ","829":" ","830":" ","831":" ","832":" ","833":" ","834":"<","835":"d","836":"i","837":"v","838":" ","839":"d","840":"a","841":"t","842":"a","843":"-","844":"t","845":"e","846":"s","847":"t","848":"=","849":"\\","850":"\"","851":"c","852":"o","853":"u","854":"n","855":"t","856":"\\","857":"\"","858":">","859":"{","860":"{","861":" ","862":"l","863":"i","864":"s","865":"t","866":".","867":"l","868":"e","869":"n","870":"g","871":"t","872":"h","873":" ","874":"}","875":"}","876":"<","877":"/","878":"d","879":"i","880":"v","881":">","882":"\\","883":"n","884":" ","885":" ","886":" ","887":" ","888":" ","889":" ","890":"<","891":"u","892":"l","893":">","894":"\\","895":"n","896":" ","897":" ","898":" ","899":" ","900":" ","901":" ","902":" ","903":" ","904":"<","905":"l","906":"i","907":" ","908":"v","909":"-","910":"f","911":"o","912":"r","913":"=","914":"\\","915":"\"","916":"i","917":"t","918":"e","919":"m","920":",","921":" ","922":"i","923":"n","924":"d","925":"e","926":"x","927":" ","928":"i","929":"n","930":" ","931":"l","932":"i","933":"s","934":"t","935":"\\","936":"\"","937":" ","938":":","939":"k","940":"e","941":"y","942":"=","943":"\\","944":"\"","945":"i","946":"n","947":"d","948":"e","949":"x","950":"\\","951":"\"","952":" ","953":"d","954":"a","955":"t","956":"a","957":"-","958":"t","959":"e","960":"s","961":"t","962":"=","963":"\\","964":"\"","965":"i","966":"t","967":"e","968":"m","969":"\\","970":"\"","971":"\\","972":"n","973":" ","974":" ","975":" ","976":" ","977":" ","978":" ","979":" ","980":" ","981":"@","982":"c","983":"l","984":"i","985":"c","986":"k","987":"=","988":"\\","989":"\"","990":"c","991":"h","992":"a","993":"n","994":"g","995":"e","996":"S","997":"t","998":"a","999":"t","1000":"u","1001":"s","1002":"(","1003":"i","1004":"n","1005":"d","1006":"e","1007":"x","1008":")","1009":"\\","1010":"\"","1011":"\\","1012":"n","1013":" ","1014":" ","1015":" ","1016":" ","1017":" ","1018":" ","1019":" ","1020":" ","1021":">","1022":"\\","1023":"n","1024":" ","1025":" ","1026":" ","1027":" ","1028":" ","1029":" ","1030":" ","1031":" ","1032":" ","1033":" ","1034":"<","1035":"i","1036":"n","1037":"p","1038":"u","1039":"t","1040":" ","1041":"t","1042":"y","1043":"p","1044":"e","1045":"=","1046":"\\","1047":"\"","1048":"t","1049":"e","1050":"x","1051":"t","1052":"\\","1053":"\"","1054":" ","1055":"v","1056":"-","1057":"i","1058":"f","1059":"=","1060":"\\","1061":"\"","1062":"i","1063":"t","1064":"e","1065":"m","1066":".","1067":"s","1068":"t","1069":"a","1070":"t","1071":"u","1072":"s","1073":" ","1074":"=","1075":"=","1076":"=","1077":" ","1078":"'","1079":"i","1080":"n","1081":"p","1082":"u","1083":"t","1084":"'","1085":"\\","1086":"\"","1087":" ","1088":":","1089":"v","1090":"a","1091":"l","1092":"u","1093":"e","1094":"=","1095":"\\","1096":"\"","1097":"i","1098":"t","1099":"e","1100":"m","1101":".","1102":"v","1103":"a","1104":"l","1105":"u","1106":"e","1107":"\\","1108":"\"","1109":" ","1110":"d","1111":"a","1112":"t","1113":"a","1114":"-","1115":"t","1116":"e","1117":"s","1118":"t","1119":"=","1120":"\\","1121":"\"","1122":"i","1123":"n","1124":"p","1125":"u","1126":"t","1127":"\\","1128":"\"","1129":" ","1130":"@","1131":"b","1132":"l","1133":"u","1134":"r","1135":"=","1136":"\\","1137":"\"","1138":"b","1139":"l","1140":"u","1141":"r","1142":"(","1143":"i","1144":"n","1145":"d","1146":"e","1147":"x","1148":")","1149":"\\","1150":"\"","1151":" ","1152":"@","1153":"c","1154":"h","1155":"a","1156":"n","1157":"g","1158":"e","1159":"=","1160":"\\","1161":"\"","1162":"(","1163":"e","1164":")","1165":" ","1166":"=","1167":">","1168":" ","1169":"c","1170":"h","1171":"a","1172":"n","1173":"g","1174":"e","1175":"V","1176":"a","1177":"l","1178":"u","1179":"e","1180":"(","1181":"{","1182":" ","1183":"v","1184":"a","1185":"l","1186":"u","1187":"e","1188":":","1189":" ","1190":"e","1191":".","1192":"t","1193":"a","1194":"r","1195":"g","1196":"e","1197":"t","1198":".","1199":"v","1200":"a","1201":"l","1202":"u","1203":"e","1204":",","1205":" ","1206":"i","1207":"n","1208":"d","1209":"e","1210":"x","1211":" ","1212":"}","1213":")","1214":"\\","1215":"\"","1216":">","1217":"\\","1218":"n","1219":" ","1220":" ","1221":" ","1222":" ","1223":" ","1224":" ","1225":" ","1226":" ","1227":" ","1228":" ","1229":"<","1230":"s","1231":"p","1232":"a","1233":"n","1234":" ","1235":"v","1236":"-","1237":"e","1238":"l","1239":"s","1240":"e","1241":">","1242":"{","1243":"{","1244":"i","1245":"t","1246":"e","1247":"m","1248":".","1249":"v","1250":"a","1251":"l","1252":"u","1253":"e","1254":"}","1255":"}","1256":"<","1257":"/","1258":"s","1259":"p","1260":"a","1261":"n","1262":">","1263":"\\","1264":"n","1265":" ","1266":" ","1267":" ","1268":" ","1269":" ","1270":" ","1271":" ","1272":" ","1273":" ","1274":" ","1275":"<","1276":"s","1277":"p","1278":"a","1279":"n","1280":" ","1281":"d","1282":"a","1283":"t","1284":"a","1285":"-","1286":"t","1287":"e","1288":"s","1289":"t","1290":"=","1291":"\\","1292":"\"","1293":"d","1294":"e","1295":"l","1296":"e","1297":"t","1298":"e","1299":"-","1300":"b","1301":"u","1302":"t","1303":"t","1304":"o","1305":"n","1306":"\\","1307":"\"","1308":" ","1309":"@","1310":"c","1311":"l","1312":"i","1313":"c","1314":"k","1315":"=","1316":"\\","1317":"\"","1318":"d","1319":"e","1320":"l","1321":"e","1322":"t","1323":"e","1324":"I","1325":"t","1326":"e","1327":"m","1328":"(","1329":"i","1330":"n","1331":"d","1332":"e","1333":"x","1334":")","1335":"\\","1336":"\"","1337":" ","1338":"s","1339":"t","1340":"y","1341":"l","1342":"e","1343":"=","1344":"\\","1345":"\"","1346":"m","1347":"a","1348":"r","1349":"g","1350":"i","1351":"n","1352":"L","1353":"e","1354":"f","1355":"t","1356":":","1357":" ","1358":"2","1359":"0","1360":"p","1361":"x","1362":"\\","1363":"\"","1364":">","1365":"-","1366":"<","1367":"/","1368":"s","1369":"p","1370":"a","1371":"n","1372":">","1373":"\\","1374":"n","1375":" ","1376":" ","1377":" ","1378":" ","1379":" ","1380":" ","1381":" ","1382":" ","1383":"<","1384":"/","1385":"l","1386":"i","1387":">","1388":"\\","1389":"n","1390":" ","1391":" ","1392":" ","1393":" ","1394":" ","1395":" ","1396":"<","1397":"/","1398":"u","1399":"l","1400":">","1401":"\\","1402":"n","1403":" ","1404":" ","1405":" ","1406":" ","1407":"<","1408":"/","1409":"d","1410":"i","1411":"v","1412":">","1413":"\\","1414":"n","1415":"<","1416":"/","1417":"t","1418":"e","1419":"m","1420":"p","1421":"l","1422":"a","1423":"t","1424":"e","1425":">","1426":"\\","1427":"n","1428":"\\","1429":"n","1430":"<","1431":"s","1432":"c","1433":"r","1434":"i","1435":"p","1436":"t","1437":">","1438":"\\","1439":"n","1440":"e","1441":"x","1442":"p","1443":"o","1444":"r","1445":"t","1446":" ","1447":"d","1448":"e","1449":"f","1450":"a","1451":"u","1452":"l","1453":"t","1454":" ","1455":"{","1456":"\\","1457":"n","1458":" ","1459":" ","1460":"/","1461":"/","1462":" ","1463":"e","1464":"s","1465":"l","1466":"i","1467":"n","1468":"t","1469":"-","1470":"d","1471":"i","1472":"s","1473":"a","1474":"b","1475":"l","1476":"e","1477":"-","1478":"n","1479":"e","1480":"x","1481":"t","1482":"-","1483":"l","1484":"i","1485":"n","1486":"e","1487":" ","1488":"v","1489":"u","1490":"e","1491":"/","1492":"m","1493":"u","1494":"l","1495":"t","1496":"i","1497":"-","1498":"w","1499":"o","1500":"r","1501":"d","1502":"-","1503":"c","1504":"o","1505":"m","1506":"p","1507":"o","1508":"n","1509":"e","1510":"n","1511":"t","1512":"-","1513":"n","1514":"a","1515":"m","1516":"e","1517":"s","1518":"\\","1519":"n","1520":" ","1521":" ","1522":"n","1523":"a","1524":"m","1525":"e","1526":":","1527":" ","1528":"'","1529":"U","1530":"n","1531":"d","1532":"o","1533":"L","1534":"i","1535":"s","1536":"t","1537":"'","1538":",","1539":"\\","1540":"n","1541":" ","1542":" ","1543":"p","1544":"r","1545":"o","1546":"p","1547":"s","1548":":","1549":" ","1550":"[","1551":"'","1552":"l","1553":"i","1554":"s","1555":"t","1556":"'","1557":"]","1558":",","1559":"\\","1560":"n","1561":" ","1562":" ","1563":"m","1564":"e","1565":"t","1566":"h","1567":"o","1568":"d","1569":"s","1570":":","1571":" ","1572":"{","1573":"\\","1574":"n","1575":" ","1576":" ","1577":" ","1578":" ","1579":"d","1580":"e","1581":"l","1582":"e","1583":"t","1584":"e","1585":"I","1586":"t","1587":"e","1588":"m","1589":" ","1590":"(","1591":"i","1592":"n","1593":"d","1594":"e","1595":"x","1596":")","1597":" ","1598":"{","1599":"\\","1600":"n","1601":" ","1602":" ","1603":" ","1604":" ","1605":" ","1606":" ","1607":"t","1608":"h","1609":"i","1610":"s","1611":".","1612":"$","1613":"e","1614":"m","1615":"i","1616":"t","1617":"(","1618":"'","1619":"d","1620":"e","1621":"l","1622":"e","1623":"t","1624":"e","1625":"'","1626":",","1627":" ","1628":"i","1629":"n","1630":"d","1631":"e","1632":"x","1633":")","1634":"\\","1635":"n","1636":" ","1637":" ","1638":" ","1639":" ","1640":"}","1641":",","1642":"\\","1643":"n","1644":" ","1645":" ","1646":" ","1647":" ","1648":"c","1649":"h","1650":"a","1651":"n","1652":"g","1653":"e","1654":"S","1655":"t","1656":"a","1657":"t","1658":"u","1659":"s","1660":" ","1661":"(","1662":"i","1663":"n","1664":"d","1665":"e","1666":"x","1667":")","1668":" ","1669":"{","1670":"\\","1671":"n","1672":" ","1673":" ","1674":" ","1675":" ","1676":" ","1677":" ","1678":"t","1679":"h","1680":"i","1681":"s","1682":".","1683":"$","1684":"e","1685":"m","1686":"i","1687":"t","1688":"(","1689":"'","1690":"c","1691":"h","1692":"a","1693":"n","1694":"g","1695":"e","1696":"S","1697":"t","1698":"a","1699":"t","1700":"u","1701":"s","1702":"'","1703":",","1704":" ","1705":"i","1706":"n","1707":"d","1708":"e","1709":"x","1710":")","1711":"\\","1712":"n","1713":" ","1714":" ","1715":" ","1716":" ","1717":"}","1718":",","1719":"\\","1720":"n","1721":" ","1722":" ","1723":" ","1724":" ","1725":"b","1726":"l","1727":"u","1728":"r","1729":" ","1730":"(","1731":"i","1732":"n","1733":"d","1734":"e","1735":"x","1736":")","1737":" ","1738":"{","1739":"\\","1740":"n","1741":" ","1742":" ","1743":" ","1744":" ","1745":" ","1746":" ","1747":"t","1748":"h","1749":"i","1750":"s","1751":".","1752":"$","1753":"e","1754":"m","1755":"i","1756":"t","1757":"(","1758":"'","1759":"r","1760":"e","1761":"s","1762":"e","1763":"t","1764":"'","1765":",","1766":" ","1767":"i","1768":"n","1769":"d","1770":"e","1771":"x","1772":")","1773":"\\","1774":"n","1775":" ","1776":" ","1777":" ","1778":" ","1779":"}","1780":",","1781":"\\","1782":"n","1783":" ","1784":" ","1785":" ","1786":" ","1787":"c","1788":"h","1789":"a","1790":"n","1791":"g","1792":"e","1793":"V","1794":"a","1795":"l","1796":"u","1797":"e","1798":" ","1799":"(","1800":"{","1801":" ","1802":"v","1803":"a","1804":"l","1805":"u","1806":"e","1807":",","1808":" ","1809":"i","1810":"n","1811":"d","1812":"e","1813":"x","1814":" ","1815":"}","1816":")","1817":" ","1818":"{","1819":"\\","1820":"n","1821":" ","1822":" ","1823":" ","1824":" ","1825":" ","1826":" ","1827":"t","1828":"h","1829":"i","1830":"s","1831":".","1832":"$","1833":"e","1834":"m","1835":"i","1836":"t","1837":"(","1838":"'","1839":"c","1840":"h","1841":"a","1842":"n","1843":"g","1844":"e","1845":"'","1846":",","1847":" ","1848":"{","1849":" ","1850":"v","1851":"a","1852":"l","1853":"u","1854":"e","1855":",","1856":" ","1857":"i","1858":"n","1859":"d","1860":"e","1861":"x","1862":" ","1863":"}","1864":")","1865":"\\","1866":"n","1867":" ","1868":" ","1869":" ","1870":" ","1871":"}","1872":"\\","1873":"n","1874":" ","1875":" ","1876":"}","1877":"\\","1878":"n","1879":"}","1880":"\\","1881":"n","1882":"<","1883":"/","1884":"s","1885":"c","1886":"r","1887":"i","1888":"p","1889":"t","1890":">","1891":"\\","1892":"n","1893":"\\","1894":"n","1895":"<","1896":"s","1897":"t","1898":"y","1899":"l","1900":"e","1901":" ","1902":"l","1903":"a","1904":"n","1905":"g","1906":"=","1907":"\\","1908":"\"","1909":"s","1910":"t","1911":"y","1912":"l","1913":"u","1914":"s","1915":"\\","1916":"\"","1917":" ","1918":"s","1919":"c","1920":"o","1921":"p","1922":"e","1923":"d","1924":">","1925":"\\","1926":"n","1927":"<","1928":"/","1929":"s","1930":"t","1931":"y","1932":"l","1933":"e","1934":">","1935":"\\","1936":"n","1937":"\"","1938":"]","1939":"}"},"_coverageSchema":"1a1c01bbd47fc00a2c39e90264f33305004495a9","hash":"ecdbd5926a7d6a9819b2b50cc92c701d1ff194f9"}
,"/Users/hanxiaoxue/Documents/work/fontEnd-autoTesting/lesson13/jest-vue/src/utils/testUtils.js": {"path":"/Users/hanxiaoxue/Documents/work/fontEnd-autoTesting/lesson13/jest-vue/src/utils/testUtils.js","statementMap":{"0":{"start":{"line":1,"column":31},"end":{"line":1,"column":69}},"1":{"start":{"line":1,"column":49},"end":{"line":1,"column":69}}},"fnMap":{"0":{"name":"(anonymous_0)","decl":{"start":{"line":1,"column":31},"end":{"line":1,"column":32}},"loc":{"start":{"line":1,"column":49},"end":{"line":1,"column":69}},"line":1}},"branchMap":{},"s":{"0":2,"1":15},"f":{"0":15},"b":{},"_coverageSchema":"1a1c01bbd47fc00a2c39e90264f33305004495a9","hash":"6533e3575c8801a10936607a02a74723afcdc28d"}
}
