TN:
SF:src/container/TodoList/TodoList.vue
FN:77,render
FNF:1
FNH:1
FNDA:12,render
DA:4,1
DA:5,1
DA:8,1
DA:9,1
DA:70,1
DA:72,1
DA:75,1
DA:76,1
DA:78,12
DA:79,12
DA:80,12
DA:89,1
LF:12
LH:12
BRF:0
BRH:0
end_of_record
TN:
SF:src/container/TodoList/components/Header.vue
FN:11,(anonymous_0)
FN:17,(anonymous_1)
FN:40,render
FN:43,(anonymous_3)
FN:44,(anonymous_4)
FNF:5
FNH:5
FNDA:7,(anonymous_0)
FNDA:3,(anonymous_1)
FNDA:11,render
FNDA:4,(anonymous_3)
FNDA:3,(anonymous_4)
DA:4,2
DA:7,2
DA:8,2
DA:12,7
DA:18,3
DA:19,2
DA:20,2
DA:27,2
DA:29,2
DA:32,2
DA:33,2
DA:34,2
DA:37,2
DA:41,11
DA:43,4
DA:45,3
DA:50,2
LF:17
LH:17
BRDA:18,0,0,2
BRDA:18,0,1,1
BRDA:43,1,0,11
BRDA:43,1,1,7
BRDA:44,2,0,11
BRDA:44,2,1,7
BRDA:45,3,0,3
BRDA:45,3,1,3
BRF:8
BRH:8
end_of_record
TN:
SF:src/container/TodoList/components/UndoList.vue
FN:13,(anonymous_0)
FN:16,(anonymous_1)
FN:19,(anonymous_2)
FN:22,(anonymous_3)
FN:54,render
FN:55,(anonymous_5)
FN:59,(anonymous_6)
FN:65,(anonymous_7)
FN:66,(anonymous_8)
FN:72,(anonymous_9)
FNF:10
FNH:10
FNDA:1,(anonymous_0)
FNDA:2,(anonymous_1)
FNDA:1,(anonymous_2)
FNDA:1,(anonymous_3)
FNDA:7,render
FNDA:18,(anonymous_5)
FNDA:2,(anonymous_6)
FNDA:1,(anonymous_7)
FNDA:1,(anonymous_8)
FNDA:1,(anonymous_9)
DA:4,2
DA:7,2
DA:8,2
DA:14,1
DA:17,2
DA:20,1
DA:26,1
DA:35,2
DA:37,2
DA:40,2
DA:41,2
DA:42,2
DA:45,2
DA:48,2
DA:49,2
DA:50,2
DA:53,2
DA:55,7
DA:56,18
DA:59,2
DA:65,1
DA:66,1
DA:72,1
DA:78,2
LF:24
LH:24
BRDA:60,0,0,3
BRDA:60,0,1,15
BRF:2
BRH:2
end_of_record
TN:
SF:src/utils/testUtils.js
FN:1,(anonymous_0)
FNF:1
FNH:1
FNDA:15,(anonymous_0)
DA:1,15
LF:1
LH:1
BRF:0
BRH:0
end_of_record
